<?xml version="1.0" encoding="UTF-8"?>
<testng-results skipped="0" failed="0" total="7" passed="7">
  <reporter-output>
  </reporter-output>
  <suite name="Command line suite" duration-ms="26" started-at="2018-05-02T07:18:02Z" finished-at="2018-05-02T07:18:02Z">
    <groups>
    </groups>
    <test name="Command line test" duration-ms="26" started-at="2018-05-02T07:18:02Z" finished-at="2018-05-02T07:18:02Z">
      <class name="AbsTest">
        <test-method status="PASS" signature="setUp()[pri:0, instance:AbsTest@2d209079]" name="setUp" is-config="true" duration-ms="4" started-at="2018-05-02T15:18:02Z" finished-at="2018-05-02T15:18:02Z">
          <reporter-output>
          </reporter-output>
        </test-method> <!-- setUp -->
        <test-method status="PASS" signature="testAbs()[pri:0, instance:AbsTest@2d209079]" name="testAbs" duration-ms="2" started-at="2018-05-02T15:18:02Z" finished-at="2018-05-02T15:18:02Z">
          <reporter-output>
          </reporter-output>
        </test-method> <!-- testAbs -->
        <test-method status="PASS" signature="setUp()[pri:0, instance:AbsTest@2d209079]" name="setUp" is-config="true" duration-ms="1" started-at="2018-05-02T15:18:02Z" finished-at="2018-05-02T15:18:02Z">
          <reporter-output>
          </reporter-output>
        </test-method> <!-- setUp -->
        <test-method status="PASS" signature="setUp()[pri:0, instance:AbsTest@2d209079]" name="setUp" is-config="true" duration-ms="0" started-at="2018-05-02T15:18:02Z" finished-at="2018-05-02T15:18:02Z">
          <reporter-output>
          </reporter-output>
        </test-method> <!-- setUp -->
        <test-method status="PASS" signature="testAbs2()[pri:0, instance:AbsTest@2d209079]" name="testAbs2" duration-ms="0" started-at="2018-05-02T15:18:02Z" finished-at="2018-05-02T15:18:02Z">
          <reporter-output>
          </reporter-output>
        </test-method> <!-- testAbs2 -->
        <test-method status="PASS" signature="testAbs1()[pri:0, instance:AbsTest@2d209079]" name="testAbs1" duration-ms="0" started-at="2018-05-02T15:18:02Z" finished-at="2018-05-02T15:18:02Z">
          <reporter-output>
          </reporter-output>
        </test-method> <!-- testAbs1 -->
      </class> <!-- AbsTest -->
      <class name="TestTest">
        <test-method status="PASS" signature="tearDown()[pri:0, instance:TestTest@6bdf28bb]" name="tearDown" is-config="true" duration-ms="0" started-at="2018-05-02T15:18:02Z" finished-at="2018-05-02T15:18:02Z">
          <reporter-output>
          </reporter-output>
        </test-method> <!-- tearDown -->
        <test-method status="PASS" signature="testWhileTest()[pri:0, instance:TestTest@6bdf28bb]" name="testWhileTest" duration-ms="0" started-at="2018-05-02T15:18:02Z" finished-at="2018-05-02T15:18:02Z">
          <reporter-output>
          </reporter-output>
        </test-method> <!-- testWhileTest -->
        <test-method status="PASS" signature="testWhileTest1()[pri:0, instance:TestTest@6bdf28bb]" name="testWhileTest1" duration-ms="0" started-at="2018-05-02T15:18:02Z" finished-at="2018-05-02T15:18:02Z">
          <reporter-output>
          </reporter-output>
        </test-method> <!-- testWhileTest1 -->
        <test-method status="PASS" signature="testWhileTest2()[pri:0, instance:TestTest@6bdf28bb]" name="testWhileTest2" duration-ms="1" started-at="2018-05-02T15:18:02Z" finished-at="2018-05-02T15:18:02Z">
          <reporter-output>
          </reporter-output>
        </test-method> <!-- testWhileTest2 -->
        <test-method status="PASS" signature="tearDown()[pri:0, instance:TestTest@6bdf28bb]" name="tearDown" is-config="true" duration-ms="0" started-at="2018-05-02T15:18:02Z" finished-at="2018-05-02T15:18:02Z">
          <reporter-output>
          </reporter-output>
        </test-method> <!-- tearDown -->
        <test-method status="PASS" signature="testWhileTest3()[pri:0, instance:TestTest@6bdf28bb]" name="testWhileTest3" duration-ms="1" started-at="2018-05-02T15:18:02Z" finished-at="2018-05-02T15:18:02Z">
          <reporter-output>
          </reporter-output>
        </test-method> <!-- testWhileTest3 -->
        <test-method status="PASS" signature="tearDown()[pri:0, instance:TestTest@6bdf28bb]" name="tearDown" is-config="true" duration-ms="0" started-at="2018-05-02T15:18:02Z" finished-at="2018-05-02T15:18:02Z">
          <reporter-output>
          </reporter-output>
        </test-method> <!-- tearDown -->
        <test-method status="PASS" signature="tearDown()[pri:0, instance:TestTest@6bdf28bb]" name="tearDown" is-config="true" duration-ms="0" started-at="2018-05-02T15:18:02Z" finished-at="2018-05-02T15:18:02Z">
          <reporter-output>
          </reporter-output>
        </test-method> <!-- tearDown -->
      </class> <!-- TestTest -->
    </test> <!-- Command line test -->
  </suite> <!-- Command line suite -->
</testng-results>
