<?xml version="1.0" encoding="UTF-8" ?>
<testsuite tests="1" failures="1" name="TestSuite" time="0.52" errors="0" skipped="0">
  <properties>
[...]
</properties>
  <testcase classname="TestCrossBrower" name="startBrower" time="0.12">
    <failure message="Cannot find firefox binary in PATH. Make sure firefox is installed. OS appears to be: WIN10
Build info: version: &apos;3.5.1&apos;, revision: &apos;9c21bb67ef&apos;, time: &apos;2017-08-17T15:26:08.955Z&apos;
System info: host: &apos;LAPTOP-MK2G8VPF&apos;, ip: &apos;192.168.56.1&apos;, os.name: &apos;Windows 10&apos;, os.arch: &apos;amd64&apos;, os.version: &apos;10.0&apos;, java.version: &apos;1.8.0_151&apos;
Driver info: driver.version: FirefoxDriver" type="org.openqa.selenium.WebDriverException">org.openqa.selenium.WebDriverException: Cannot find firefox binary in PATH. Make sure firefox is installed. OS appears to be: WIN10
Build info: version: &apos;3.5.1&apos;, revision: &apos;9c21bb67ef&apos;, time: &apos;2017-08-17T15:26:08.955Z&apos;
System info: host: &apos;LAPTOP-MK2G8VPF&apos;, ip: &apos;192.168.56.1&apos;, os.name: &apos;Windows 10&apos;, os.arch: &apos;amd64&apos;, os.version: &apos;10.0&apos;, java.version: &apos;1.8.0_151&apos;
Driver info: driver.version: FirefoxDriver
	at org.openqa.selenium.firefox.FirefoxBinary.&lt;init&gt;(FirefoxBinary.java:115)
	at java.util.Optional.orElseGet(Optional.java:267)
	at org.openqa.selenium.firefox.FirefoxOptions.getBinary(FirefoxOptions.java:257)
	at org.openqa.selenium.firefox.FirefoxDriver.toExecutor(FirefoxDriver.java:204)
	at org.openqa.selenium.firefox.FirefoxDriver.&lt;init&gt;(FirefoxDriver.java:103)
	at org.openqa.selenium.firefox.FirefoxDriver.&lt;init&gt;(FirefoxDriver.java:99)
	at TestCrossBrower.startBrower(TestCrossBrower.java:19)
</failure>
  </testcase>
</testsuite>