<?xml version="1.0" encoding="UTF-8"?>
<testng-results skipped="0" failed="0" total="1" passed="1">
  <reporter-output>
  </reporter-output>
  <suite name="Default suite" duration-ms="72" started-at="2018-05-31T06:59:07Z" finished-at="2018-05-31T06:59:07Z">
    <groups>
    </groups>
    <test name="Default test" duration-ms="72" started-at="2018-05-31T06:59:07Z" finished-at="2018-05-31T06:59:07Z">
      <class name="test.a.aa">
        <test-method status="PASS" signature="abc()[pri:0, instance:test.a.aa@4c70fda8]" name="abc" duration-ms="28" started-at="2018-05-31T14:59:07Z" finished-at="2018-05-31T14:59:07Z">
          <reporter-output>
          </reporter-output>
        </test-method> <!-- abc -->
      </class> <!-- test.a.aa -->
    </test> <!-- Default test -->
  </suite> <!-- Default suite -->
</testng-results>
