<?xml version="1.0" encoding="UTF-8"?>
<!-- Generated by org.testng.reporters.JUnitXMLReporter -->
<testsuite hostname="LAPTOP-MK2G8VPF" tests="7" failures="0" timestamp="2 May 2018 07:18:02 GMT" time="0.026" errors="0">
  <testcase name="testAbs" time="0.002" classname="AbsTest"/>
  <testcase name="testAbs1" time="0.0" classname="AbsTest"/>
  <testcase name="testAbs2" time="0.0" classname="AbsTest"/>
  <testcase name="testWhileTest" time="0.0" classname="TestTest"/>
  <testcase name="testWhileTest1" time="0.0" classname="TestTest"/>
  <testcase name="testWhileTest2" time="0.001" classname="TestTest"/>
  <testcase name="testWhileTest3" time="0.001" classname="TestTest"/>
</testsuite>
